c:\users\adam\desktop\uczelnia\grafika\opengl\noise\ogl\g08-msvc10-freeglut\release\vc140.pdb
c:\users\adam\desktop\uczelnia\grafika\opengl\noise\ogl\g08-msvc10-freeglut\release\worldgenerator.obj
c:\users\adam\desktop\uczelnia\grafika\opengl\noise\ogl\g08-msvc10-freeglut\release\oglmain.obj
c:\users\adam\desktop\uczelnia\grafika\opengl\noise\ogl\g08-msvc10-freeglut\release\mynoise.obj
c:\users\adam\desktop\uczelnia\grafika\opengl\noise\ogl\g08-msvc10-freeglut\release\makenoise.obj
c:\users\adam\desktop\uczelnia\grafika\opengl\noise\ogl\g08-msvc10-freeglut\release\glscene.obj
c:\users\adam\desktop\uczelnia\grafika\opengl\noise\ogl\g08-msvc10-freeglut\release\colorgenerator.obj
c:\users\adam\desktop\uczelnia\grafika\opengl\noise - kopia - kopia (2)\ogl\g08-msvc10-freeglut\release\vc140.pdb
c:\users\adam\desktop\uczelnia\grafika\opengl\noise - kopia - kopia (2)\ogl\g08-msvc10-freeglut\release\worldgenerator.obj
c:\users\adam\desktop\uczelnia\grafika\opengl\noise - kopia - kopia (2)\ogl\g08-msvc10-freeglut\release\oglmain.obj
c:\users\adam\desktop\uczelnia\grafika\opengl\noise - kopia - kopia (2)\ogl\g08-msvc10-freeglut\release\mynoise.obj
c:\users\adam\desktop\uczelnia\grafika\opengl\noise - kopia - kopia (2)\ogl\g08-msvc10-freeglut\release\makenoise.obj
c:\users\adam\desktop\uczelnia\grafika\opengl\noise - kopia - kopia (2)\ogl\g08-msvc10-freeglut\release\glscene.obj
c:\users\adam\desktop\uczelnia\grafika\opengl\noise - kopia - kopia (2)\ogl\g08-msvc10-freeglut\release\colorgenerator.obj
c:\users\adam\desktop\uczelnia\grafika\opengl\noise\ogl\g08-msvc10-freeglut\release\g08-msvc2010-freeglut.exe
c:\users\adam\desktop\uczelnia\grafika\opengl\noise\ogl\g08-msvc10-freeglut\release\g08-msvc2010-freeglut.pdb
c:\users\adam\desktop\uczelnia\grafika\opengl\noise - kopia - kopia (2)\ogl\g08-msvc10-freeglut\release\g08-msvc2010-freeglut.exe
c:\users\adam\desktop\uczelnia\grafika\opengl\noise - kopia - kopia (2)\ogl\g08-msvc10-freeglut\release\g08-msvc2010-freeglut.ipdb
c:\users\adam\desktop\uczelnia\grafika\opengl\noise - kopia - kopia (2)\ogl\g08-msvc10-freeglut\release\g08-msvc2010-freeglut.iobj
c:\users\adam\desktop\uczelnia\grafika\opengl\noise - kopia - kopia (2)\ogl\g08-msvc10-freeglut\release\g08-msvc2010-freeglut.pdb
c:\users\adam\desktop\uczelnia\grafika\opengl\noise - kopia - kopia (2)\ogl\g08-msvc10-freeglut\release\g08-msvc.a7f078ba.tlog\cl.command.1.tlog
c:\users\adam\desktop\uczelnia\grafika\opengl\noise - kopia - kopia (2)\ogl\g08-msvc10-freeglut\release\g08-msvc.a7f078ba.tlog\cl.read.1.tlog
c:\users\adam\desktop\uczelnia\grafika\opengl\noise - kopia - kopia (2)\ogl\g08-msvc10-freeglut\release\g08-msvc.a7f078ba.tlog\cl.write.1.tlog
c:\users\adam\desktop\uczelnia\grafika\opengl\noise - kopia - kopia (2)\ogl\g08-msvc10-freeglut\release\g08-msvc.a7f078ba.tlog\link.command.1.tlog
c:\users\adam\desktop\uczelnia\grafika\opengl\noise - kopia - kopia (2)\ogl\g08-msvc10-freeglut\release\g08-msvc.a7f078ba.tlog\link.read.1.tlog
c:\users\adam\desktop\uczelnia\grafika\opengl\noise - kopia - kopia (2)\ogl\g08-msvc10-freeglut\release\g08-msvc.a7f078ba.tlog\link.write.1.tlog
